# JRE version: Java(TM) SE Runtime Environment (8.0_181-b13) (build 1.8.0_181-b13)
# Java VM: Java HotSpot(TM) 64-Bit Server VM (25.181-b13 mixed mode windows-amd64 compressed oops)
Heap:
 PSYoungGen      total 92672K, used 62490K [0x00000007b4000000, 0x00000007ba900000, 0x00000007c0000000)
  eden space 79872K, 66% used [0x00000007b4000000,0x00000007b7408868,0x00000007b8e00000)
  from space 12800K, 71% used [0x00000007b9c80000,0x00000007ba57dfb8,0x00000007ba900000)
  to   space 13824K, 0% used [0x00000007b8e00000,0x00000007b8e00000,0x00000007b9b80000)
 ParOldGen       total 91648K, used 71406K [0x0000000790000000, 0x0000000795980000, 0x00000007b4000000)
  object space 91648K, 77% used [0x0000000790000000,0x00000007945bb850,0x0000000795980000)
 Metaspace       used 90109K, capacity 90868K, committed 91304K, reserved 1126400K
  class space    used 13240K, capacity 13441K, committed 13480K, reserved 1048576K
GC Heap History (10 events):
Event: 305.133 GC heap before
{Heap before GC invocations=66 (full 4):
 PSYoungGen      total 77312K, used 72213K [0x00000007b4000000, 0x00000007b9c00000, 0x00000007c0000000)
  eden space 66048K, 100% used [0x00000007b4000000,0x00000007b8080000,0x00000007b8080000)
  from space 11264K, 54% used [0x00000007b8080000,0x00000007b8685568,0x00000007b8b80000)
  to   space 11264K, 0% used [0x00000007b9100000,0x00000007b9100000,0x00000007b9c00000)
 ParOldGen       total 91648K, used 71366K [0x0000000790000000, 0x0000000795980000, 0x00000007b4000000)
  object space 91648K, 77% used [0x0000000790000000,0x00000007945b1850,0x0000000795980000)
 Metaspace       used 78001K, capacity 78724K, committed 79144K, reserved 1116160K
  class space    used 11530K, capacity 11693K, committed 11816K, reserved 1048576K
Event: 305.145 GC heap after
Heap after GC invocations=66 (full 4):
 PSYoungGen      total 81920K, used 6156K [0x00000007b4000000, 0x00000007b9b80000, 0x00000007c0000000)
  eden space 71168K, 0% used [0x00000007b4000000,0x00000007b4000000,0x00000007b8580000)
  from space 10752K, 57% used [0x00000007b9100000,0x00000007b9703070,0x00000007b9b80000)
  to   space 11264K, 0% used [0x00000007b8580000,0x00000007b8580000,0x00000007b9080000)
 ParOldGen       total 91648K, used 71374K [0x0000000790000000, 0x0000000795980000, 0x00000007b4000000)
  object space 91648K, 77% used [0x0000000790000000,0x00000007945b3850,0x0000000795980000)
 Metaspace       used 78001K, capacity 78724K, committed 79144K, reserved 1116160K
  class space    used 11530K, capacity 11693K, committed 11816K, reserved 1048576K
}
Event: 308.437 GC heap before
{Heap before GC invocations=67 (full 4):
 PSYoungGen      total 81920K, used 77251K [0x00000007b4000000, 0x00000007b9b80000, 0x00000007c0000000)
  eden space 71168K, 99% used [0x00000007b4000000,0x00000007b856dea0,0x00000007b8580000)
  from space 10752K, 57% used [0x00000007b9100000,0x00000007b9703070,0x00000007b9b80000)
  to   space 11264K, 0% used [0x00000007b8580000,0x00000007b8580000,0x00000007b9080000)
 ParOldGen       total 91648K, used 71374K [0x0000000790000000, 0x0000000795980000, 0x00000007b4000000)
  object space 91648K, 77% used [0x0000000790000000,0x00000007945b3850,0x0000000795980000)
 Metaspace       used 81214K, capacity 81924K, committed 82472K, reserved 1120256K
  class space    used 12026K, capacity 12205K, committed 12328K, reserved 1048576K
Event: 308.453 GC heap after
Heap after GC invocations=67 (full 4):
 PSYoungGen      total 82432K, used 9815K [0x00000007b4000000, 0x00000007ba300000, 0x00000007c0000000)
  eden space 71168K, 0% used [0x00000007b4000000,0x00000007b4000000,0x00000007b8580000)
  from space 11264K, 87% used [0x00000007b8580000,0x00000007b8f15e78,0x00000007b9080000)
  to   space 12288K, 0% used [0x00000007b9700000,0x00000007b9700000,0x00000007ba300000)
 ParOldGen       total 91648K, used 71382K [0x0000000790000000, 0x0000000795980000, 0x00000007b4000000)
  object space 91648K, 77% used [0x0000000790000000,0x00000007945b5850,0x0000000795980000)
 Metaspace       used 81214K, capacity 81924K, committed 82472K, reserved 1120256K
  class space    used 12026K, capacity 12205K, committed 12328K, reserved 1048576K
}
Event: 312.864 GC heap before
{Heap before GC invocations=68 (full 4):
 PSYoungGen      total 82432K, used 80983K [0x00000007b4000000, 0x00000007ba300000, 0x00000007c0000000)
  eden space 71168K, 100% used [0x00000007b4000000,0x00000007b8580000,0x00000007b8580000)
  from space 11264K, 87% used [0x00000007b8580000,0x00000007b8f15e78,0x00000007b9080000)
  to   space 12288K, 0% used [0x00000007b9700000,0x00000007b9700000,0x00000007ba300000)
 ParOldGen       total 91648K, used 71382K [0x0000000790000000, 0x0000000795980000, 0x00000007b4000000)
  object space 91648K, 77% used [0x0000000790000000,0x00000007945b5850,0x0000000795980000)
 Metaspace       used 83972K, capacity 84656K, committed 85032K, reserved 1122304K
  class space    used 12662K, capacity 12815K, committed 12840K, reserved 1048576K
Event: 312.885 GC heap after
Heap after GC invocations=68 (full 4):
 PSYoungGen      total 88064K, used 10043K [0x00000007b4000000, 0x00000007ba500000, 0x00000007c0000000)
  eden space 75776K, 0% used [0x00000007b4000000,0x00000007b4000000,0x00000007b8a00000)
  from space 12288K, 81% used [0x00000007b9700000,0x00000007ba0cee30,0x00000007ba300000)
  to   space 13312K, 0% used [0x00000007b8a00000,0x00000007b8a00000,0x00000007b9700000)
 ParOldGen       total 91648K, used 71390K [0x0000000790000000, 0x0000000795980000, 0x00000007b4000000)
  object space 91648K, 77% used [0x0000000790000000,0x00000007945b7850,0x0000000795980000)
 Metaspace       used 83972K, capacity 84656K, committed 85032K, reserved 1122304K
  class space    used 12662K, capacity 12815K, committed 12840K, reserved 1048576K
}
Event: 576.043 GC heap before
{Heap before GC invocations=69 (full 4):
 PSYoungGen      total 88064K, used 85819K [0x00000007b4000000, 0x00000007ba500000, 0x00000007c0000000)
  eden space 75776K, 100% used [0x00000007b4000000,0x00000007b8a00000,0x00000007b8a00000)
  from space 12288K, 81% used [0x00000007b9700000,0x00000007ba0cee30,0x00000007ba300000)
  to   space 13312K, 0% used [0x00000007b8a00000,0x00000007b8a00000,0x00000007b9700000)
 ParOldGen       total 91648K, used 71390K [0x0000000790000000, 0x0000000795980000, 0x00000007b4000000)
  object space 91648K, 77% used [0x0000000790000000,0x00000007945b7850,0x0000000795980000)
 Metaspace       used 85328K, capacity 86084K, committed 86568K, reserved 1122304K
  class space    used 12848K, capacity 13021K, committed 13096K, reserved 1048576K
Event: 576.063 GC heap after
Heap after GC invocations=69 (full 4):
 PSYoungGen      total 89088K, used 9201K [0x00000007b4000000, 0x00000007baa00000, 0x00000007c0000000)
  eden space 75776K, 0% used [0x00000007b4000000,0x00000007b4000000,0x00000007b8a00000)
  from space 13312K, 69% used [0x00000007b8a00000,0x00000007b92fc460,0x00000007b9700000)
  to   space 13824K, 0% used [0x00000007b9c80000,0x00000007b9c80000,0x00000007baa00000)
 ParOldGen       total 91648K, used 71398K [0x0000000790000000, 0x0000000795980000, 0x00000007b4000000)
  object space 91648K, 77% used [0x0000000790000000,0x00000007945b9850,0x0000000795980000)
 Metaspace       used 85328K, capacity 86084K, committed 86568K, reserved 1122304K
  class space    used 12848K, capacity 13021K, committed 13096K, reserved 1048576K
}
Event: 623.973 GC heap before
{Heap before GC invocations=70 (full 4):
 PSYoungGen      total 89088K, used 84977K [0x00000007b4000000, 0x00000007baa00000, 0x00000007c0000000)
  eden space 75776K, 100% used [0x00000007b4000000,0x00000007b8a00000,0x00000007b8a00000)
  from space 13312K, 69% used [0x00000007b8a00000,0x00000007b92fc460,0x00000007b9700000)
  to   space 13824K, 0% used [0x00000007b9c80000,0x00000007b9c80000,0x00000007baa00000)
 ParOldGen       total 91648K, used 71398K [0x0000000790000000, 0x0000000795980000, 0x00000007b4000000)
  object space 91648K, 77% used [0x0000000790000000,0x00000007945b9850,0x0000000795980000)
 Metaspace       used 86186K, capacity 86936K, committed 87208K, reserved 1124352K
  class space    used 12976K, capacity 13157K, committed 13224K, reserved 1048576K
Event: 623.996 GC heap after
Heap after GC invocations=70 (full 4):
 PSYoungGen      total 92672K, used 9207K [0x00000007b4000000, 0x00000007ba900000, 0x00000007c0000000)
  eden space 79872K, 0% used [0x00000007b4000000,0x00000007b4000000,0x00000007b8e00000)
  from space 12800K, 71% used [0x00000007b9c80000,0x00000007ba57dfb8,0x00000007ba900000)
  to   space 13824K, 0% used [0x00000007b8e00000,0x00000007b8e00000,0x00000007b9b80000)
 ParOldGen       total 91648K, used 71406K [0x0000000790000000, 0x0000000795980000, 0x00000007b4000000)
  object space 91648K, 77% used [0x0000000790000000,0x00000007945bb850,0x0000000795980000)
 Metaspace       used 86186K, capacity 86936K, committed 87208K, reserved 1124352K
  class space    used 12976K, capacity 13157K, committed 13224K, reserved 1048576K
}

